#
# A fatal error has been detected by the Java Runtime Environment:
#
#  EXCEPTION_ACCESS_VIOLATION (0xc0000005) at pc=0x4fdfc6c0, pid=4744, tid=5908
#
# JRE version: Java(TM) SE Runtime Environment (7.0_45-b18) (build 1.7.0_45-b18)
# Java VM: Java HotSpot(TM) Server VM (24.45-b08 mixed mode windows-x86 )
# Problematic frame:
# C  0x4fdfc6c0
#
# Failed to write core dump. Minidumps are not enabled by default on client versions of Windows
#
# If you would like to submit a bug report, please visit:
#   http://bugreport.sun.com/bugreport/crash.jsp
# The crash happened outside the Java Virtual Machine in native code.
# See problematic frame for where to report the bug.
#

---------------  T H R E A D  ---------------

Current thread (0x07d46800):  JavaThread "AWT-EventQueue-0" [_thread_in_native, id=5908, stack(0x08840000,0x08a40000)]

siginfo: ExceptionCode=0xc0000005, reading address 0x4fdfc6c0

Registers:
EAX=0x08a3df6c, EBX=0x00000001, ECX=0x08a3df74, EDX=0x0000004f
ESP=0x08a3df3c, EBP=0x08a3df5c, ESI=0x00272204, EDI=0x00272200
EIP=0x4fdfc6c0, EFLAGS=0x00010246

Top of Stack: (sp=0x08a3df3c)
0x08a3df3c:   7e42a762 00010001 00000000 08a3df74
0x08a3df4c:   08a3dfa4 00000000 00000000 00000000
0x08a3df5c:   08a3dfac 7c90e473 08a3df6c 00000020
0x08a3df6c:   00010001 00000000 00000000 00000000
0x08a3df7c:   00000500 00000320 08a3dfa4 4fdfc6c0
0x08a3df8c:   7e42a787 4fdfc7b2 00000000 00000000
0x08a3df9c:   4fdfc6c0 08a3dfa4 00272240 00000000
0x08a3dfac:   08a3dfc0 4fdf88a1 00272240 07cf2c50 

Instructions: (pc=0x4fdfc6c0)
0x4fdfc6a0:   
[error occurred during error reporting (printing registers, top of stack, instructions near pc), id 0xc0000005]

Register to memory mapping:

EAX=0x08a3df6c is pointing into the stack for thread: 0x07d46800
EBX=0x00000001 is an unknown value
ECX=0x08a3df74 is pointing into the stack for thread: 0x07d46800
EDX=0x0000004f is an unknown value
ESP=0x08a3df3c is pointing into the stack for thread: 0x07d46800
EBP=0x08a3df5c is pointing into the stack for thread: 0x07d46800
ESI=0x00272204 is an unknown value
EDI=0x00272200 is an unknown value


Stack: [0x08840000,0x08a40000],  sp=0x08a3df3c,  free space=2039k
Native frames: (J=compiled Java code, j=interpreted, Vv=VM code, C=native code)
C  0x4fdfc6c0
C  [ntdll.dll+0xe473]
C  0x4fdf88a1

Java frames: (J=compiled Java code, j=interpreted, Vv=VM code)
j  sun.java2d.d3d.D3DSurfaceData.initOps(III)V+0
j  sun.java2d.d3d.D3DSurfaceData.<init>(Lsun/awt/windows/WComponentPeer;Lsun/java2d/d3d/D3DGraphicsConfig;IILjava/awt/Image;Ljava/awt/image/ColorModel;IILsun/java2d/pipe/hw/ExtendedBufferCapabilities$VSyncType;I)V+76
j  sun.java2d.d3d.D3DSurfaceData.createData(Lsun/java2d/d3d/D3DGraphicsConfig;IILjava/awt/image/ColorModel;Ljava/awt/Image;I)Lsun/java2d/d3d/D3DSurfaceData;+70
j  sun.java2d.d3d.D3DGraphicsConfig.createManagedSurface(III)Lsun/java2d/SurfaceData;+10
j  sun.java2d.d3d.D3DSurfaceDataProxy.validateSurfaceData(Lsun/java2d/SurfaceData;Lsun/java2d/SurfaceData;II)Lsun/java2d/SurfaceData;+22
j  sun.java2d.SurfaceDataProxy.replaceData(Lsun/java2d/SurfaceData;ILsun/java2d/loops/CompositeType;Ljava/awt/Color;)Lsun/java2d/SurfaceData;+191
j  sun.java2d.SurfaceData.getSourceSurfaceData(Ljava/awt/Image;ILsun/java2d/loops/CompositeType;Ljava/awt/Color;)Lsun/java2d/SurfaceData;+102
j  sun.java2d.pipe.DrawImage.renderImageCopy(Lsun/java2d/SunGraphics2D;Ljava/awt/Image;Ljava/awt/Color;IIIIII)Z+26
j  sun.java2d.pipe.DrawImage.copyImage(Lsun/java2d/SunGraphics2D;Ljava/awt/Image;IILjava/awt/Color;)Z+45
j  sun.java2d.pipe.DrawImage.copyImage(Lsun/java2d/SunGraphics2D;Ljava/awt/Image;IILjava/awt/Color;Ljava/awt/image/ImageObserver;)Z+15
j  sun.java2d.SunGraphics2D.drawImage(Ljava/awt/Image;IILjava/awt/Color;Ljava/awt/image/ImageObserver;)Z+65
j  sun.awt.image.ImageRepresentation.drawToBufImage(Ljava/awt/Graphics;Lsun/awt/image/ToolkitImage;IILjava/awt/Color;Ljava/awt/image/ImageObserver;)Z+152
j  sun.java2d.pipe.DrawImage.copyImage(Lsun/java2d/SunGraphics2D;Ljava/awt/Image;IILjava/awt/Color;Ljava/awt/image/ImageObserver;)Z+56
j  sun.java2d.pipe.ValidatePipe.copyImage(Lsun/java2d/SunGraphics2D;Ljava/awt/Image;IILjava/awt/Color;Ljava/awt/image/ImageObserver;)Z+21
j  sun.java2d.SunGraphics2D.drawImage(Ljava/awt/Image;IILjava/awt/Color;Ljava/awt/image/ImageObserver;)Z+65
j  sun.java2d.SunGraphics2D.drawImage(Ljava/awt/Image;IILjava/awt/image/ImageObserver;)Z+7
j  javax.swing.ImageIcon.paintIcon(Ljava/awt/Component;Ljava/awt/Graphics;II)V+16
j  javax.swing.plaf.basic.BasicLabelUI.paint(Ljava/awt/Graphics;Ljavax/swing/JComponent;)V+89
j  javax.swing.plaf.ComponentUI.update(Ljava/awt/Graphics;Ljavax/swing/JComponent;)V+32
j  javax.swing.JComponent.paintComponent(Ljava/awt/Graphics;)V+26
j  javax.swing.JComponent.paint(Ljava/awt/Graphics;)V+286
j  javax.swing.JComponent.paintChildren(Ljava/awt/Graphics;)V+501
j  javax.swing.JComponent.paint(Ljava/awt/Graphics;)V+318
j  javax.swing.JComponent.paintChildren(Ljava/awt/Graphics;)V+501
j  javax.swing.JComponent.paint(Ljava/awt/Graphics;)V+318
j  javax.swing.JComponent.paintChildren(Ljava/awt/Graphics;)V+501
j  javax.swing.JComponent.paint(Ljava/awt/Graphics;)V+318
j  javax.swing.JLayeredPane.paint(Ljava/awt/Graphics;)V+73
j  javax.swing.JComponent.paintChildren(Ljava/awt/Graphics;)V+501
j  javax.swing.JComponent.paintToOffscreen(Ljava/awt/Graphics;IIIIII)V+72
j  javax.swing.BufferStrategyPaintManager.paint(Ljavax/swing/JComponent;Ljavax/swing/JComponent;Ljava/awt/Graphics;IIII)Z+157
j  javax.swing.RepaintManager.paint(Ljavax/swing/JComponent;Ljavax/swing/JComponent;Ljava/awt/Graphics;IIII)V+52
j  javax.swing.JComponent.paint(Ljava/awt/Graphics;)V+221
j  java.awt.GraphicsCallback$PaintCallback.run(Ljava/awt/Component;Ljava/awt/Graphics;)V+2
j  sun.awt.SunGraphicsCallback.runOneComponent(Ljava/awt/Component;Ljava/awt/Rectangle;Ljava/awt/Graphics;Ljava/awt/Shape;I)V+155
j  sun.awt.SunGraphicsCallback.runComponents([Ljava/awt/Component;Ljava/awt/Graphics;I)V+194
j  java.awt.Container.paint(Ljava/awt/Graphics;)V+58
j  java.awt.Window.paint(Ljava/awt/Graphics;)V+68
j  javax.swing.RepaintManager$3.run()Ljava/lang/Void;+136
j  javax.swing.RepaintManager$3.run()Ljava/lang/Object;+1
v  ~StubRoutines::call_stub
j  java.security.AccessController.doPrivileged(Ljava/security/PrivilegedAction;Ljava/security/AccessControlContext;)Ljava/lang/Object;+0
j  java.security.ProtectionDomain$1.doIntersectionPrivilege(Ljava/security/PrivilegedAction;Ljava/security/AccessControlContext;Ljava/security/AccessControlContext;)Ljava/lang/Object;+28
j  javax.swing.RepaintManager.paintDirtyRegions(Ljava/util/Map;)V+154
j  javax.swing.RepaintManager.paintDirtyRegions()V+46
j  javax.swing.RepaintManager.prePaintDirtyRegions()V+73
j  javax.swing.RepaintManager.access$1100(Ljavax/swing/RepaintManager;)V+1
j  javax.swing.RepaintManager$ProcessingRunnable.run()V+37
j  java.awt.event.InvocationEvent.dispatch()V+47
j  java.awt.EventQueue.dispatchEventImpl(Ljava/awt/AWTEvent;Ljava/lang/Object;)V+21
j  java.awt.EventQueue.access$200(Ljava/awt/EventQueue;Ljava/awt/AWTEvent;Ljava/lang/Object;)V+3
j  java.awt.EventQueue$3.run()Ljava/lang/Void;+12
j  java.awt.EventQueue$3.run()Ljava/lang/Object;+1
v  ~StubRoutines::call_stub
j  java.security.AccessController.doPrivileged(Ljava/security/PrivilegedAction;Ljava/security/AccessControlContext;)Ljava/lang/Object;+0
j  java.security.ProtectionDomain$1.doIntersectionPrivilege(Ljava/security/PrivilegedAction;Ljava/security/AccessControlContext;Ljava/security/AccessControlContext;)Ljava/lang/Object;+28
j  java.awt.EventQueue.dispatchEvent(Ljava/awt/AWTEvent;)V+46
j  java.awt.EventDispatchThread.pumpOneEventForFilters(I)V+245
j  java.awt.EventDispatchThread.pumpEventsForFilter(ILjava/awt/Conditional;Ljava/awt/EventFilter;)V+35
j  java.awt.EventDispatchThread.pumpEventsForHierarchy(ILjava/awt/Conditional;Ljava/awt/Component;)V+11
j  java.awt.EventDispatchThread.pumpEvents(ILjava/awt/Conditional;)V+4
j  java.awt.EventDispatchThread.pumpEvents(Ljava/awt/Conditional;)V+3
j  java.awt.EventDispatchThread.run()V+9
v  ~StubRoutines::call_stub

---------------  P R O C E S S  ---------------

Java Threads: ( => current thread )
=>0x07d46800 JavaThread "AWT-EventQueue-0" [_thread_in_native, id=5908, stack(0x08840000,0x08a40000)]
  0x07d19800 JavaThread "Image Fetcher 0" daemon [_thread_blocked, id=1632, stack(0x08640000,0x08840000)]
  0x06966400 JavaThread "AWT-Shutdown" [_thread_blocked, id=5888, stack(0x08240000,0x08440000)]
  0x07c1b000 JavaThread "Java2D Disposer" daemon [_thread_blocked, id=2460, stack(0x08040000,0x08240000)]
  0x068c5800 JavaThread "Service Thread" daemon [_thread_blocked, id=3148, stack(0x07800000,0x07a00000)]
  0x068c0400 JavaThread "C2 CompilerThread1" daemon [_thread_blocked, id=4396, stack(0x07600000,0x07800000)]
  0x068b5800 JavaThread "C2 CompilerThread0" daemon [_thread_blocked, id=2780, stack(0x07400000,0x07600000)]
  0x068b4000 JavaThread "Attach Listener" daemon [_thread_blocked, id=3416, stack(0x07200000,0x07400000)]
  0x068b2800 JavaThread "Signal Dispatcher" daemon [_thread_blocked, id=6008, stack(0x07000000,0x07200000)]
  0x068a7c00 JavaThread "Finalizer" daemon [_thread_blocked, id=5372, stack(0x06e00000,0x07000000)]
  0x068a1c00 JavaThread "Reference Handler" daemon [_thread_blocked, id=4952, stack(0x06c00000,0x06e00000)]
  0x00b81800 JavaThread "main" [_thread_blocked, id=3872, stack(0x00040000,0x00240000)]

Other Threads:
  0x068a0400 VMThread [stack: 0x06a00000,0x06c00000] [id=2940]
  0x068e9000 WatcherThread [stack: 0x07a00000,0x07c00000] [id=4040]

VM state:not at safepoint (normal execution)

VM Mutex/Monitor currently owned by a thread: None

Heap
 PSYoungGen      total 12288K, used 7993K [0x2eb00000, 0x2f880000, 0x3c080000)
  eden space 10752K, 74% used [0x2eb00000,0x2f2ce500,0x2f580000)
  from space 1536K, 0% used [0x2f700000,0x2f700000,0x2f880000)
  to   space 1536K, 0% used [0x2f580000,0x2f580000,0x2f700000)
 ParOldGen       total 27136K, used 0K [0x14080000, 0x15b00000, 0x2eb00000)
  object space 27136K, 0% used [0x14080000,0x14080000,0x15b00000)
 PSPermGen       total 16384K, used 7596K [0x10080000, 0x11080000, 0x14080000)
  object space 16384K, 46% used [0x10080000,0x107eb178,0x11080000)

Card table byte_map: [0x013f0000,0x01560000] byte_map_base: 0x0136fc00

Polling page: 0x00b50000

Code Cache  [0x01750000, 0x01990000, 0x04750000)
 total_blobs=250 nmethods=34 adapters=171 free_code_cache=48770Kb largest_free_block=49924992

Compilation events (10 events):
Event: 1.101 Thread 0x068b5800   30             sun.java2d.loops.GraphicsPrimitive::getUniqueID (5 bytes)
Event: 1.102 Thread 0x068b5800 nmethod 30 0x017aaac8 code [0x017aabc0, 0x017aac10]
Event: 1.113 Thread 0x068c0400   31             java.util.Arrays::binarySearch0 (95 bytes)
Event: 1.114 Thread 0x068b5800   32             sun.java2d.loops.GraphicsPrimitiveMgr$2::compare (39 bytes)
Event: 1.115 Thread 0x068b5800 nmethod 32 0x017aa808 code [0x017aa900, 0x017aa9b0]
Event: 1.117 Thread 0x068c0400 nmethod 31 0x017a93c8 code [0x017a94c0, 0x017a9630]
Event: 1.139 Thread 0x068b5800   33             java.nio.HeapByteBuffer::_get (7 bytes)
Event: 1.139 Thread 0x068b5800 nmethod 33 0x017b0008 code [0x017b0100, 0x017b0170]
Event: 1.149 Thread 0x068c0400   34             java.lang.String::replace (127 bytes)
Event: 1.160 Thread 0x068c0400 nmethod 34 0x017b1388 code [0x017b1480, 0x017b1830]

GC Heap History (0 events):
No events

Deoptimization events (1 events):
Event: 1.078 Thread 0x069fb400 Uncommon trap: reason=unloaded action=reinterpret pc=0x017a5604 method=java.lang.CharacterData.of(I)Ljava/lang/CharacterData; @ 96

Internal exceptions (10 events):
Event: 1.166 Thread 0x00b81800 Threw 0x2f0eb9c0 at C:\re\jdk7u45\229\hotspot\src\share\vm\prims\jvm.cpp:1244
Event: 1.170 Thread 0x00b81800 Threw 0x2f107aa0 at C:\re\jdk7u45\229\hotspot\src\share\vm\prims\jvm.cpp:1244
Event: 1.176 Thread 0x00b81800 Threw 0x2f11c408 at C:\re\jdk7u45\229\hotspot\src\share\vm\prims\jni.cpp:717
Event: 1.178 Thread 0x00b81800 Threw 0x2f123370 at C:\re\jdk7u45\229\hotspot\src\share\vm\prims\jni.cpp:717
Event: 1.183 Thread 0x00b81800 Threw 0x2f12a5a0 at C:\re\jdk7u45\229\hotspot\src\share\vm\prims\jni.cpp:717
Event: 1.187 Thread 0x00b81800 Threw 0x2f131670 at C:\re\jdk7u45\229\hotspot\src\share\vm\prims\jni.cpp:717
Event: 1.191 Thread 0x00b81800 Threw 0x2f138e80 at C:\re\jdk7u45\229\hotspot\src\share\vm\prims\jni.cpp:717
Event: 1.192 Thread 0x00b81800 Threw 0x2f13bbd0 at C:\re\jdk7u45\229\hotspot\src\share\vm\prims\jvm.cpp:1244
Event: 1.224 Thread 0x00b81800 Threw 0x2f156e18 at C:\re\jdk7u45\229\hotspot\src\share\vm\prims\jni.cpp:717
Event: 1.226 Thread 0x00b81800 Threw 0x2f1573b0 at C:\re\jdk7u45\229\hotspot\src\share\vm\prims\jvm.cpp:1244

Events (10 events):
Event: 1.232 loading class 0x069e7c08
Event: 1.232 loading class 0x069e7c08 done
Event: 1.232 loading class 0x069e7bb0
Event: 1.232 loading class 0x069e7bb0 done
Event: 1.232 loading class 0x068fb238
Event: 1.232 loading class 0x068fb238 done
Event: 1.235 loading class 0x07ebabf8
Event: 1.236 loading class 0x07ebabf8 done
Event: 1.243 Thread 0x069fb400 Thread exited: 0x069fb400
Event: 1.264 Thread 0x07e91800 Thread exited: 0x07e91800


Dynamic libraries:
0x00400000 - 0x0042f000 	C:\Program Files\NetBeans 7.4\platform\lib\nbexec.exe
0x7c900000 - 0x7c9b2000 	C:\WINDOWS\system32\ntdll.dll
0x7c800000 - 0x7c8f6000 	C:\WINDOWS\system32\kernel32.dll
0x77dd0000 - 0x77e6b000 	C:\WINDOWS\system32\ADVAPI32.DLL
0x77e70000 - 0x77f03000 	C:\WINDOWS\system32\RPCRT4.dll
0x77fe0000 - 0x77ff1000 	C:\WINDOWS\system32\Secur32.dll
0x77c10000 - 0x77c68000 	C:\WINDOWS\system32\msvcrt.dll
0x7e410000 - 0x7e4a1000 	C:\WINDOWS\system32\USER32.dll
0x77f10000 - 0x77f59000 	C:\WINDOWS\system32\GDI32.dll
0x10000000 - 0x10065000 	C:\Program Files\NetBeans 7.4\platform\lib\nbexec.dll
0x71ab0000 - 0x71ac7000 	C:\WINDOWS\system32\WS2_32.dll
0x71aa0000 - 0x71aa8000 	C:\WINDOWS\system32\WS2HELP.dll
0x6edf0000 - 0x6f399000 	C:\Program Files\Java\jdk1.7.0_45\jre\bin\server\jvm.dll
0x71ad0000 - 0x71ad9000 	C:\WINDOWS\system32\WSOCK32.dll
0x76b40000 - 0x76b6d000 	C:\WINDOWS\system32\WINMM.dll
0x76bf0000 - 0x76bfb000 	C:\WINDOWS\system32\PSAPI.DLL
0x78aa0000 - 0x78b5f000 	C:\Program Files\Java\jdk1.7.0_45\jre\bin\MSVCR100.dll
0x6e6a0000 - 0x6e6d5000 	C:\Program Files\Java\jdk1.7.0_45\jre\bin\splashscreen.dll
0x5ad70000 - 0x5ada8000 	C:\WINDOWS\system32\uxtheme.dll
0x6e7e0000 - 0x6e7ec000 	C:\Program Files\Java\jdk1.7.0_45\jre\bin\verify.dll
0x6d590000 - 0x6d5b0000 	C:\Program Files\Java\jdk1.7.0_45\jre\bin\java.dll
0x64a60000 - 0x64a69000 	C:\Documents and Settings\All Users\Application Data\Real\RealPlayer\BrowserRecordPlugin\Chrome\Hook\rpchrome150browserrecordhelper.dll
0x78520000 - 0x785c3000 	C:\WINDOWS\WinSxS\x86_Microsoft.VC90.CRT_1fc8b3b9a1e18e3b_9.0.30729.6161_x-ww_31a54e43\MSVCR90.dll
0x7c9c0000 - 0x7d1d7000 	C:\WINDOWS\system32\SHELL32.dll
0x77f60000 - 0x77fd6000 	C:\WINDOWS\system32\SHLWAPI.dll
0x773d0000 - 0x774d3000 	C:\WINDOWS\WinSxS\x86_Microsoft.Windows.Common-Controls_6595b64144ccf1df_6.0.2600.6028_x-ww_61e65202\comctl32.dll
0x74720000 - 0x7476c000 	C:\WINDOWS\system32\MSCTF.dll
0x00fa0000 - 0x0117d000 	C:\Program Files\Winamp\Plugins\dsp_enh.dll
0x763b0000 - 0x763f9000 	C:\WINDOWS\system32\comdlg32.dll
0x6e870000 - 0x6e883000 	C:\Program Files\Java\jdk1.7.0_45\jre\bin\zip.dll
0x01680000 - 0x01693000 	C:\WINDOWS\system32\btmmhook.dll
0x06510000 - 0x067d5000 	C:\WINDOWS\system32\xpsp2res.dll
0x6d110000 - 0x6d253000 	C:\Program Files\Java\jdk1.7.0_45\jre\bin\awt.dll
0x77120000 - 0x771ab000 	C:\WINDOWS\system32\OLEAUT32.dll
0x774e0000 - 0x7761e000 	C:\WINDOWS\system32\ole32.dll
0x6e5b0000 - 0x6e5c4000 	C:\Program Files\Java\jdk1.7.0_45\jre\bin\net.dll
0x71a50000 - 0x71a8f000 	C:\WINDOWS\system32\mswsock.dll
0x662b0000 - 0x66308000 	C:\WINDOWS\system32\hnetcfg.dll
0x58d40000 - 0x58d47000 	C:\WINDOWS\System32\wship6.dll
0x6e5d0000 - 0x6e5df000 	C:\Program Files\Java\jdk1.7.0_45\jre\bin\nio.dll
0x6d380000 - 0x6d3b8000 	C:\Program Files\Java\jdk1.7.0_45\jre\bin\fontmanager.dll
0x77c00000 - 0x77c08000 	C:\WINDOWS\system32\VERSION.dll
0x6e790000 - 0x6e7c0000 	C:\Program Files\Java\jdk1.7.0_45\jre\bin\t2k.dll
0x68000000 - 0x68036000 	C:\WINDOWS\system32\rsaenh.dll
0x769c0000 - 0x76a74000 	C:\WINDOWS\system32\USERENV.dll
0x5b860000 - 0x5b8b5000 	C:\WINDOWS\system32\netapi32.dll
0x76f20000 - 0x76f47000 	C:\WINDOWS\system32\DNSAPI.dll
0x76d60000 - 0x76d79000 	C:\WINDOWS\system32\iphlpapi.dll
0x76fb0000 - 0x76fb8000 	C:\WINDOWS\System32\winrnr.dll
0x76f60000 - 0x76f8c000 	C:\WINDOWS\system32\WLDAP32.dll
0x08a50000 - 0x08a75000 	C:\Program Files\Bonjour\mdnsNSP.dll
0x76fc0000 - 0x76fc6000 	C:\WINDOWS\system32\rasadhlp.dll
0x76390000 - 0x763ad000 	C:\WINDOWS\system32\IMM32.dll
0x76fd0000 - 0x7704f000 	C:\WINDOWS\system32\CLBCATQ.DLL
0x77050000 - 0x77115000 	C:\WINDOWS\system32\COMRes.dll
0x6d290000 - 0x6d2b4000 	C:\Program Files\Java\jdk1.7.0_45\jre\bin\dcpr.dll
0x59a60000 - 0x59b01000 	C:\WINDOWS\system32\dbghelp.dll

VM Arguments:
jvm_args: -Dnetbeans.logger.console=true -ea -Djdk.home=C:\Program Files\Java\jdk1.7.0_45 -splash:C:\Documents and Settings\dobri.AKK_DOMAIN\My Documents\NetBeansProjects\ERS Client\ERS Client\ERS Client\build\testuserdir\var\cache\splash.png -Dnetbeans.home=C:\Program Files\NetBeans 7.4\platform -Dnetbeans.user=C:\Documents and Settings\dobri.AKK_DOMAIN\My Documents\NetBeansProjects\ERS Client\ERS Client\ERS Client\build\testuserdir -Dnetbeans.default_userdir_root= -XX:+HeapDumpOnOutOfMemoryError -XX:HeapDumpPath=C:\Documents and Settings\dobri.AKK_DOMAIN\My Documents\NetBeansProjects\ERS Client\ERS Client\ERS Client\build\testuserdir\var\log\heapdump.hprof -Dsun.awt.keepWorkingSetOnMinimize=true -Dnetbeans.dirs=C:\Documents and Settings\dobri.AKK_DOMAIN\My Documents\NetBeansProjects\ERS Client\ERS Client\ERS Client\build\cluster;C:\Program Files\NetBeans 7.4\harness;C:\Program Files\NetBeans 7.4\platform exit 
java_command: <unknown>
Launcher Type: generic

Environment Variables:
JAVA_HOME=C:\Program Files\Java\jdk1.7.0_45
CLASSPATH=.;C:\Program Files\Java\jdk1.7.0_45;C:\Program Files\Java\jre7\bin
PATH=C:\WINDOWS\system32;C:\WINDOWS;C:\WINDOWS\system32\wbem;C:\Program Files\PHP;C:\Program Files\QuickTime\QTSystem;C:\WINDOWS\system32\WindowsPowerShell\v1.0;C:\Program Files\Microsoft SQL Server\80\Tools\Binn;C:\Program Files\Microsoft SQL Server Migration Assistant 2008 for Access\bin;C:\Program Files\Microsoft SQL Server\100\Tools\Binn;C:\Program Files\Microsoft SQL Server\100\DTS\Binn;C:\Program Files\Microsoft SQL Server\100\Tools\Binn\VSShell\Common7\IDE;C:\Program Files\Microsoft Visual Studio 9.0\Common7\IDE\PrivateAssemblies;c:\Program Files\Microsoft SQL Server\100\Tools\Binn;c:\Program Files\Microsoft SQL Server\100\DTS\Binn;c:\Program Files\Microsoft SQL Server\100\Tools\Binn\VSShell\Common7\IDE;c:\Program Files\Microsoft Visual Studio 9.0\Common7\IDE\PrivateAssemblies;C:\Program Files\Java\jdk1.7.0_45\bin;C:\Program Files\SSH Communications Security\SSH Secure Shell;C:\Program Files\Nmap;C:\Program Files\Java\jdk1.7.0_45;C:\Program Files\Java\jdk1.7.0_40\bin;C:\Program Files\DOSBox-0.74
USERNAME=dobri
OS=Windows_NT
PROCESSOR_IDENTIFIER=x86 Family 6 Model 15 Stepping 13, GenuineIntel



---------------  S Y S T E M  ---------------

OS: Windows XP Build 2600 Service Pack 3

CPU:total 2 (2 cores per cpu, 1 threads per core) family 6 model 15 stepping 13, cmov, cx8, fxsr, mmx, sse, sse2, sse3, ssse3, tsc

Memory: 4k page, physical 2619360k(696840k free), swap 5077776k(3250264k free)

vm_info: Java HotSpot(TM) Server VM (24.45-b08) for windows-x86 JRE (1.7.0_45-b18), built on Oct  8 2013 05:56:58 by "java_re" with unknown MS VC++:1600

time: Fri Jan 24 12:53:11 2014
elapsed time: 1 seconds

